2024-08-05 15:54:44 INFO Статус код ответа от Аршин: 200
2024-08-05 15:54:44 INFO Файл poverki.snapshot.20240801.csv.zip был скачан успешно
2024-08-05 15:55:01 INFO Файл добавлен в БД
2024-08-05 15:55:01 INFO Файл poverki.delta.20240529--20240530.csv добавлен в БД
2024-08-05 15:55:21 INFO Файл добавлен в БД
2024-08-05 15:55:21 INFO Файл poverki.delta.20240530--20240531.csv добавлен в БД
2024-08-05 15:55:44 INFO Файл добавлен в БД
2024-08-05 15:55:44 INFO Файл poverki.delta.20240531--20240601.csv добавлен в БД
2024-08-05 15:56:20 INFO Файл добавлен в БД
2024-08-05 15:56:20 INFO Файл poverki.delta.20240401--20240402.csv добавлен в БД
2024-08-05 15:56:41 INFO Файл добавлен в БД
2024-08-05 15:56:41 INFO Файл poverki.delta.20240402--20240403.csv добавлен в БД
2024-08-05 15:57:08 INFO Файл добавлен в БД
2024-08-05 15:57:08 INFO Файл poverki.delta.20240403--20240404.csv добавлен в БД
2024-08-05 15:57:29 INFO Файл добавлен в БД
2024-08-05 15:57:29 INFO Файл poverki.delta.20240404--20240405.csv добавлен в БД
2024-08-05 15:57:53 INFO Файл добавлен в БД
2024-08-05 15:57:53 INFO Файл poverki.delta.20240405--20240406.csv добавлен в БД
2024-08-05 15:57:57 INFO Файл добавлен в БД
2024-08-05 15:57:57 INFO Файл poverki.delta.20240406--20240407.csv добавлен в БД
2024-08-05 15:57:59 INFO Файл добавлен в БД
2024-08-05 15:57:59 INFO Файл poverki.delta.20240407--20240408.csv добавлен в БД
2024-08-05 15:58:30 INFO Файл добавлен в БД
2024-08-05 15:58:30 INFO Файл poverki.delta.20240408--20240409.csv добавлен в БД
2024-08-05 16:20:48 INFO Статус код ответа от Аршин: 200
2024-08-05 16:21:26 ERROR Произошла ошибка: HTTPSConnectionPool(host='fgis.gost.ru', port=443): Max retries exceeded with url: /fundmetrology/exporter/poverki/poverki.delta.20240706--20240707.csv.zip (Caused by ConnectTimeoutError(<urllib3.connection.HTTPSConnection object at 0x000001C1DD307410>, 'Connection to fgis.gost.ru timed out. (connect timeout=10)')). Повторение скачивания через 10 секунд...
2024-08-05 16:23:50 INFO Статус код ответа от Аршин: 200
2024-08-05 16:39:58 ERROR Произошла ошибка: HTTPSConnectionPool(host='fgis.gost.ru', port=443): Read timed out. (read timeout=10). Повторение скачивания через 10 секунд...
2024-08-05 16:41:35 INFO Статус код ответа от Аршин: 200
2024-08-05 16:41:39 INFO Файл poverki.delta.20240707--20240708.csv добавлен в БД
2024-08-05 16:42:01 INFO Файл poverki.delta.20240719--20240720.csv добавлен в БД
2024-08-05 16:42:24 INFO Файл poverki.delta.20240711--20240712.csv добавлен в БД
2024-08-05 16:42:58 INFO Файл poverki.delta.20240702--20240703.csv добавлен в БД
2024-08-05 16:43:39 INFO Файл poverki.delta.20240715--20240716.csv добавлен в БД
2024-08-05 16:43:42 INFO Файл poverki.delta.20240720--20240721.csv добавлен в БД
2024-08-05 16:44:04 INFO Файл poverki.delta.20240726--20240727.csv добавлен в БД
2024-08-05 16:44:37 INFO Файл poverki.delta.20240708--20240709.csv добавлен в БД
2024-08-05 16:45:26 INFO Файл poverki.delta.20240729--20240730.csv добавлен в БД
2024-08-05 16:45:54 INFO Файл poverki.delta.20240801--20240802.csv добавлен в БД
2024-08-05 16:45:57 INFO Файл poverki.delta.20240721--20240722.csv добавлен в БД
2024-08-05 16:46:38 INFO Файл poverki.delta.20240701--20240702.csv добавлен в БД
2024-08-05 16:47:10 INFO Файл poverki.delta.20240712--20240713.csv добавлен в БД
2024-08-05 16:47:52 INFO Файл poverki.delta.20240704--20240705.csv добавлен в БД
2024-08-05 16:48:22 INFO Файл poverki.delta.20240709--20240710.csv добавлен в БД
2024-08-05 16:48:48 INFO Файл poverki.delta.20240710--20240711.csv добавлен в БД
2024-08-05 16:49:26 INFO Файл poverki.delta.20240718--20240719.csv добавлен в БД
2024-08-05 16:49:57 INFO Файл poverki.delta.20240725--20240726.csv добавлен в БД
2024-08-05 16:50:20 INFO Файл poverki.delta.20240724--20240725.csv добавлен в БД
2024-08-05 16:50:23 INFO Файл poverki.delta.20240728--20240729.csv добавлен в БД
2024-08-05 16:50:42 INFO Файл poverki.delta.20240727--20240728.csv добавлен в БД
2024-08-05 16:51:27 INFO Файл poverki.delta.20240731--20240801.csv добавлен в БД
2024-08-05 16:52:03 INFO Файл poverki.delta.20240803--20240804.csv добавлен в БД
2024-08-05 16:52:03 INFO Количество добавленных файлов = 23
2024-08-07 12:05:57 INFO Статус код ответа от Аршин: 200
2024-08-07 12:06:36 INFO Файл poverki.delta.20240805--20240806.csv добавлен в БД
2024-08-07 12:41:38 INFO Статус код ответа от Аршин: 200
2024-08-07 12:42:09 INFO Файл poverki.delta.20240805--20240806.csv добавлен в БД
2024-08-07 12:42:22 INFO Файл poverki.delta.20240803--20240804.csv добавлен в БД
2024-08-07 12:42:41 INFO Файл poverki.delta.20240719--20240720.csv добавлен в БД
2024-08-08 14:17:51 INFO Статус код ответа от Аршин: 200
2024-08-08 14:22:57 ERROR Произошла ошибка: ('Connection broken: IncompleteRead(1080508077 bytes read, 6411043913 more expected)', IncompleteRead(1080508077 bytes read, 6411043913 more expected)). Повторение скачивания через 10 секунд...
2024-08-08 14:28:05 ERROR Произошла ошибка: ('Connection broken: IncompleteRead(1080032932 bytes read, 5331011666 more expected)', IncompleteRead(1080032932 bytes read, 5331011666 more expected)). Повторение скачивания через 10 секунд...
2024-08-08 14:33:17 ERROR Произошла ошибка: ('Connection broken: IncompleteRead(1080868516 bytes read, 4250143826 more expected)', IncompleteRead(1080868516 bytes read, 4250143826 more expected)). Повторение скачивания через 10 секунд...
2024-08-08 14:38:36 ERROR Произошла ошибка: ('Connection broken: IncompleteRead(1080819364 bytes read, 3169325138 more expected)', IncompleteRead(1080819364 bytes read, 3169325138 more expected)). Повторение скачивания через 10 секунд...
2024-08-08 14:43:51 ERROR Произошла ошибка: ('Connection broken: IncompleteRead(1080786596 bytes read, 2088539218 more expected)', IncompleteRead(1080786596 bytes read, 2088539218 more expected)). Повторение скачивания через 10 секунд...
2024-08-08 14:49:13 ERROR Произошла ошибка: ('Connection broken: IncompleteRead(1081835172 bytes read, 1006704722 more expected)', IncompleteRead(1081835172 bytes read, 1006704722 more expected)). Повторение скачивания через 10 секунд...
2024-08-08 14:54:16 INFO Файл poverki.snapshot.20240801.csv.zip был скачан успешно
2024-08-08 14:55:00 INFO Файл poverki.delta.20240701--20240702.csv добавлен в БД
2024-08-08 14:55:23 INFO Файл poverki.delta.20240702--20240703.csv добавлен в БД
2024-08-08 14:55:42 INFO Файл poverki.delta.20240703--20240704.csv добавлен в БД
2024-08-08 14:56:11 INFO Файл poverki.delta.20240704--20240705.csv добавлен в БД
2024-08-08 14:56:30 INFO Файл poverki.delta.20240705--20240706.csv добавлен в БД
2024-08-08 14:56:33 INFO Файл poverki.delta.20240706--20240707.csv добавлен в БД
2024-08-08 14:56:34 INFO Файл poverki.delta.20240707--20240708.csv добавлен в БД
2024-08-08 14:56:59 INFO Файл poverki.delta.20240708--20240709.csv добавлен в БД
2024-08-08 14:57:18 INFO Файл poverki.delta.20240709--20240710.csv добавлен в БД
2024-08-08 14:57:39 INFO Файл poverki.delta.20240710--20240711.csv добавлен в БД
2024-08-08 14:57:56 INFO Файл poverki.delta.20240711--20240712.csv добавлен в БД
2024-08-08 14:58:15 INFO Файл poverki.delta.20240712--20240713.csv добавлен в БД
2024-08-08 14:58:19 INFO Файл poverki.delta.20240713--20240714.csv добавлен в БД
2024-08-08 14:58:21 INFO Файл poverki.delta.20240714--20240715.csv добавлен в БД
2024-08-08 14:58:46 INFO Файл poverki.delta.20240715--20240716.csv добавлен в БД
2024-08-08 14:59:06 INFO Файл poverki.delta.20240716--20240717.csv добавлен в БД
2024-08-08 14:59:25 INFO Файл poverki.delta.20240717--20240718.csv добавлен в БД
2024-08-08 14:59:52 INFO Файл poverki.delta.20240718--20240719.csv добавлен в БД
2024-08-08 15:00:09 INFO Файл poverki.delta.20240719--20240720.csv добавлен в БД
2024-08-08 15:00:11 INFO Файл poverki.delta.20240720--20240721.csv добавлен в БД
2024-08-08 15:00:13 INFO Файл poverki.delta.20240721--20240722.csv добавлен в БД
2024-08-08 15:00:48 INFO Файл poverki.delta.20240722--20240723.csv добавлен в БД
2024-08-08 15:01:12 INFO Файл poverki.delta.20240723--20240724.csv добавлен в БД
2024-08-08 15:01:30 INFO Файл poverki.delta.20240724--20240725.csv добавлен в БД
2024-08-08 15:01:49 INFO Файл poverki.delta.20240725--20240726.csv добавлен в БД
2024-08-08 15:02:05 INFO Файл poverki.delta.20240726--20240727.csv добавлен в БД
2024-08-08 15:02:11 INFO Файл poverki.delta.20240727--20240728.csv добавлен в БД
2024-08-08 15:02:12 INFO Файл poverki.delta.20240728--20240729.csv добавлен в БД
2024-08-08 15:02:40 INFO Файл poverki.delta.20240729--20240730.csv добавлен в БД
2024-08-08 15:03:01 INFO Файл poverki.delta.20240730--20240731.csv добавлен в БД
2024-08-08 15:03:32 INFO Файл poverki.delta.20240731--20240801.csv добавлен в БД
2024-08-08 15:03:47 INFO Файл poverki.delta.20240601--20240602.csv добавлен в БД
2024-08-08 15:03:50 INFO Файл poverki.delta.20240602--20240603.csv добавлен в БД
2024-08-08 15:04:18 INFO Файл poverki.delta.20240603--20240604.csv добавлен в БД
2024-08-08 15:04:45 INFO Файл poverki.delta.20240604--20240605.csv добавлен в БД
2024-08-08 15:05:10 INFO Файл poverki.delta.20240605--20240606.csv добавлен в БД
2024-08-08 15:05:38 INFO Файл poverki.delta.20240606--20240607.csv добавлен в БД
2024-08-08 15:06:03 INFO Файл poverki.delta.20240607--20240608.csv добавлен в БД
2024-08-08 15:06:05 INFO Файл poverki.delta.20240608--20240609.csv добавлен в БД
2024-08-08 15:06:08 INFO Файл poverki.delta.20240609--20240610.csv добавлен в БД
2024-08-08 15:06:33 INFO Файл poverki.delta.20240610--20240611.csv добавлен в БД
2024-08-08 15:06:52 INFO Файл poverki.delta.20240611--20240612.csv добавлен в БД
2024-08-08 15:06:54 INFO Файл poverki.delta.20240612--20240613.csv добавлен в БД
2024-08-08 15:07:25 INFO Файл poverki.delta.20240613--20240614.csv добавлен в БД
2024-08-08 15:07:25 INFO Файл poverki.delta.20240614--20240615.csv добавлен в БД
2024-08-08 15:07:26 INFO Файл poverki.delta.20240615--20240616.csv добавлен в БД
2024-08-08 15:07:37 INFO Файл poverki.delta.20240616--20240617.csv добавлен в БД
2024-08-08 15:08:23 INFO Файл poverki.delta.20240617--20240618.csv добавлен в БД
2024-08-08 15:08:45 INFO Файл poverki.delta.20240618--20240619.csv добавлен в БД
2024-08-08 15:09:04 INFO Файл poverki.delta.20240619--20240620.csv добавлен в БД
2024-08-08 15:09:24 INFO Файл poverki.delta.20240620--20240621.csv добавлен в БД
2024-08-08 15:09:43 INFO Файл poverki.delta.20240621--20240622.csv добавлен в БД
2024-08-08 15:09:45 INFO Файл poverki.delta.20240622--20240623.csv добавлен в БД
2024-08-08 15:09:46 INFO Файл poverki.delta.20240623--20240624.csv добавлен в БД
2024-08-08 15:10:15 INFO Файл poverki.delta.20240624--20240625.csv добавлен в БД
2024-08-08 15:10:44 INFO Файл poverki.delta.20240625--20240626.csv добавлен в БД
2024-08-08 15:11:12 INFO Файл poverki.delta.20240626--20240627.csv добавлен в БД
2024-08-08 15:11:34 INFO Файл poverki.delta.20240627--20240628.csv добавлен в БД
2024-08-08 15:12:01 INFO Файл poverki.delta.20240628--20240629.csv добавлен в БД
2024-08-08 15:12:03 INFO Файл poverki.delta.20240629--20240630.csv добавлен в БД
2024-08-08 15:12:07 INFO Файл poverki.delta.20240630--20240701.csv добавлен в БД
2024-08-08 15:12:25 INFO Файл poverki.delta.20240501--20240502.csv добавлен в БД
2024-08-08 15:13:02 INFO Файл poverki.delta.20240502--20240503.csv добавлен в БД
2024-08-08 15:13:31 INFO Файл poverki.delta.20240503--20240504.csv добавлен в БД
2024-08-08 15:13:36 INFO Файл poverki.delta.20240504--20240505.csv добавлен в БД
2024-08-08 15:13:37 INFO Файл poverki.delta.20240505--20240506.csv добавлен в БД
2024-08-08 15:14:02 INFO Файл poverki.delta.20240506--20240507.csv добавлен в БД
2024-08-08 15:14:27 INFO Файл poverki.delta.20240507--20240508.csv добавлен в БД
2024-08-08 15:14:52 INFO Файл poverki.delta.20240508--20240509.csv добавлен в БД
2024-08-08 15:14:54 INFO Файл poverki.delta.20240509--20240510.csv добавлен в БД
2024-08-08 15:14:58 INFO Файл poverki.delta.20240510--20240511.csv добавлен в БД
2024-08-08 15:15:00 INFO Файл poverki.delta.20240511--20240512.csv добавлен в БД
2024-08-08 15:15:03 INFO Файл poverki.delta.20240512--20240513.csv добавлен в БД
2024-08-08 15:15:26 INFO Файл poverki.delta.20240513--20240514.csv добавлен в БД
2024-08-08 15:15:45 INFO Файл poverki.delta.20240514--20240515.csv добавлен в БД
2024-08-08 15:16:03 INFO Файл poverki.delta.20240515--20240516.csv добавлен в БД
2024-08-08 15:16:42 INFO Файл poverki.delta.20240516--20240517.csv добавлен в БД
2024-08-08 15:17:28 INFO Файл poverki.delta.20240517--20240518.csv добавлен в БД
2024-08-08 15:17:31 INFO Файл poverki.delta.20240518--20240519.csv добавлен в БД
2024-08-08 15:17:32 INFO Файл poverki.delta.20240519--20240520.csv добавлен в БД
2024-08-08 15:17:34 INFO Файл poverki.delta.20240520--20240521.csv добавлен в БД
2024-08-08 15:18:00 INFO Файл poverki.delta.20240521--20240522.csv добавлен в БД
2024-08-08 15:18:38 INFO Файл poverki.delta.20240522--20240523.csv добавлен в БД
2024-08-08 15:18:58 INFO Файл poverki.delta.20240523--20240524.csv добавлен в БД
2024-08-08 15:19:21 INFO Файл poverki.delta.20240524--20240525.csv добавлен в БД
2024-08-08 15:19:33 INFO Файл poverki.delta.20240525--20240526.csv добавлен в БД
2024-08-08 15:19:36 INFO Файл poverki.delta.20240526--20240527.csv добавлен в БД
2024-08-08 15:20:07 INFO Файл poverki.delta.20240527--20240528.csv добавлен в БД
2024-08-08 15:20:33 INFO Файл poverki.delta.20240528--20240529.csv добавлен в БД
2024-08-08 15:20:52 INFO Файл poverki.delta.20240529--20240530.csv добавлен в БД
2024-08-08 15:21:12 INFO Файл poverki.delta.20240530--20240531.csv добавлен в БД
2024-08-08 15:21:35 INFO Файл poverki.delta.20240531--20240601.csv добавлен в БД
2024-08-08 15:22:14 INFO Файл poverki.delta.20240401--20240402.csv добавлен в БД
2024-08-08 15:22:39 INFO Файл poverki.delta.20240402--20240403.csv добавлен в БД
2024-08-08 15:23:11 INFO Файл poverki.delta.20240403--20240404.csv добавлен в БД
2024-08-08 15:23:36 INFO Файл poverki.delta.20240404--20240405.csv добавлен в БД
2024-08-08 15:24:02 INFO Файл poverki.delta.20240405--20240406.csv добавлен в БД
2024-08-08 15:24:07 INFO Файл poverki.delta.20240406--20240407.csv добавлен в БД
2024-08-08 15:24:10 INFO Файл poverki.delta.20240407--20240408.csv добавлен в БД
2024-08-08 15:24:43 INFO Файл poverki.delta.20240408--20240409.csv добавлен в БД
2024-08-08 15:25:03 INFO Файл poverki.delta.20240409--20240410.csv добавлен в БД
2024-08-08 15:25:22 INFO Файл poverki.delta.20240410--20240411.csv добавлен в БД
2024-08-08 15:25:38 INFO Файл poverki.delta.20240411--20240412.csv добавлен в БД
2024-08-08 15:26:02 INFO Файл poverki.delta.20240412--20240413.csv добавлен в БД
2024-08-08 15:26:05 INFO Файл poverki.delta.20240413--20240414.csv добавлен в БД
2024-08-08 15:26:08 INFO Файл poverki.delta.20240414--20240415.csv добавлен в БД
2024-08-08 15:26:43 INFO Файл poverki.delta.20240415--20240416.csv добавлен в БД
2024-08-08 15:27:07 INFO Файл poverki.delta.20240416--20240417.csv добавлен в БД
2024-08-08 15:27:24 INFO Файл poverki.delta.20240417--20240418.csv добавлен в БД
2024-08-08 15:27:40 INFO Файл poverki.delta.20240418--20240419.csv добавлен в БД
2024-08-08 15:28:03 INFO Файл poverki.delta.20240419--20240420.csv добавлен в БД
2024-08-08 15:28:06 INFO Файл poverki.delta.20240420--20240421.csv добавлен в БД
2024-08-08 15:28:08 INFO Файл poverki.delta.20240421--20240422.csv добавлен в БД
2024-08-08 15:28:35 INFO Файл poverki.delta.20240422--20240423.csv добавлен в БД
2024-08-08 15:29:09 INFO Файл poverki.delta.20240423--20240424.csv добавлен в БД
2024-08-08 15:29:30 INFO Файл poverki.delta.20240424--20240425.csv добавлен в БД
2024-08-08 15:29:53 INFO Файл poverki.delta.20240425--20240426.csv добавлен в БД
2024-08-08 15:30:08 INFO Файл poverki.delta.20240426--20240427.csv добавлен в БД
2024-08-08 15:30:32 INFO Файл poverki.delta.20240427--20240428.csv добавлен в БД
2024-08-08 15:30:37 INFO Файл poverki.delta.20240428--20240429.csv добавлен в БД
2024-08-08 15:30:40 INFO Файл poverki.delta.20240429--20240430.csv добавлен в БД
2024-08-08 15:30:46 INFO Файл poverki.delta.20240430--20240501.csv добавлен в БД
2024-08-08 15:31:23 INFO Файл poverki.delta.20240301--20240302.csv добавлен в БД
2024-08-08 15:31:27 INFO Файл poverki.delta.20240302--20240303.csv добавлен в БД
2024-08-08 15:31:30 INFO Файл poverki.delta.20240303--20240304.csv добавлен в БД
2024-08-08 15:32:11 INFO Файл poverki.delta.20240304--20240305.csv добавлен в БД
2024-08-08 15:32:35 INFO Файл poverki.delta.20240305--20240306.csv добавлен в БД
2024-08-08 15:33:05 INFO Файл poverki.delta.20240306--20240307.csv добавлен в БД
2024-08-08 15:33:36 INFO Файл poverki.delta.20240307--20240308.csv добавлен в БД
2024-08-08 15:33:38 INFO Файл poverki.delta.20240308--20240309.csv добавлен в БД
2024-08-08 15:33:40 INFO Файл poverki.delta.20240309--20240310.csv добавлен в БД
2024-08-08 15:33:43 INFO Файл poverki.delta.20240310--20240311.csv добавлен в БД
2024-08-08 15:34:11 INFO Файл poverki.delta.20240311--20240312.csv добавлен в БД
2024-08-08 15:34:39 INFO Файл poverki.delta.20240312--20240313.csv добавлен в БД
2024-08-08 15:35:13 INFO Файл poverki.delta.20240313--20240314.csv добавлен в БД
2024-08-08 15:35:37 INFO Файл poverki.delta.20240314--20240315.csv добавлен в БД
2024-08-08 15:36:02 INFO Файл poverki.delta.20240315--20240316.csv добавлен в БД
2024-08-08 15:36:13 INFO Файл poverki.delta.20240316--20240317.csv добавлен в БД
2024-08-08 15:36:17 INFO Файл poverki.delta.20240317--20240318.csv добавлен в БД
2024-08-08 15:36:41 INFO Файл poverki.delta.20240318--20240319.csv добавлен в БД
2024-08-08 15:37:01 INFO Файл poverki.delta.20240319--20240320.csv добавлен в БД
2024-08-08 15:37:22 INFO Файл poverki.delta.20240320--20240321.csv добавлен в БД
2024-08-08 15:37:40 INFO Файл poverki.delta.20240321--20240322.csv добавлен в БД
2024-08-08 15:37:59 INFO Файл poverki.delta.20240322--20240323.csv добавлен в БД
2024-08-08 15:38:15 INFO Файл poverki.delta.20240323--20240324.csv добавлен в БД
2024-08-08 15:38:20 INFO Файл poverki.delta.20240324--20240325.csv добавлен в БД
2024-08-08 15:39:01 INFO Файл poverki.delta.20240325--20240326.csv добавлен в БД
2024-08-08 15:39:31 INFO Файл poverki.delta.20240326--20240327.csv добавлен в БД
2024-08-08 15:39:51 INFO Файл poverki.delta.20240327--20240328.csv добавлен в БД
2024-08-08 15:40:12 INFO Файл poverki.delta.20240328--20240329.csv добавлен в БД
2024-08-08 15:40:34 INFO Файл poverki.delta.20240329--20240330.csv добавлен в БД
2024-08-08 15:40:36 INFO Файл poverki.delta.20240330--20240331.csv добавлен в БД
2024-08-08 15:40:39 INFO Файл poverki.delta.20240331--20240401.csv добавлен в БД
2024-08-08 15:41:24 INFO Файл poverki.delta.20240201--20240202.csv добавлен в БД
2024-08-08 15:41:49 INFO Файл poverki.delta.20240202--20240203.csv добавлен в БД
2024-08-08 15:41:54 INFO Файл poverki.delta.20240203--20240204.csv добавлен в БД
2024-08-08 15:42:00 INFO Файл poverki.delta.20240204--20240205.csv добавлен в БД
2024-08-08 15:42:25 INFO Файл poverki.delta.20240205--20240206.csv добавлен в БД
2024-08-08 15:43:13 INFO Файл poverki.delta.20240206--20240207.csv добавлен в БД
2024-08-08 15:43:33 INFO Файл poverki.delta.20240207--20240208.csv добавлен в БД
2024-08-08 15:43:51 INFO Файл poverki.delta.20240208--20240209.csv добавлен в БД
2024-08-08 15:44:11 INFO Файл poverki.delta.20240209--20240210.csv добавлен в БД
2024-08-08 15:44:17 INFO Файл poverki.delta.20240210--20240211.csv добавлен в БД
2024-08-08 15:44:21 INFO Файл poverki.delta.20240211--20240212.csv добавлен в БД
2024-08-08 15:44:57 INFO Файл poverki.delta.20240212--20240213.csv добавлен в БД
2024-08-08 15:45:21 INFO Файл poverki.delta.20240213--20240214.csv добавлен в БД
2024-08-08 15:45:38 INFO Файл poverki.delta.20240214--20240215.csv добавлен в БД
2024-08-08 15:45:53 INFO Файл poverki.delta.20240215--20240216.csv добавлен в БД
2024-08-08 15:46:19 INFO Файл poverki.delta.20240216--20240217.csv добавлен в БД
2024-08-08 15:46:22 INFO Файл poverki.delta.20240217--20240218.csv добавлен в БД
2024-08-08 15:46:27 INFO Файл poverki.delta.20240218--20240219.csv добавлен в БД
2024-08-08 15:46:57 INFO Файл poverki.delta.20240219--20240220.csv добавлен в БД
2024-08-08 15:47:17 INFO Файл poverki.delta.20240220--20240221.csv добавлен в БД
2024-08-08 15:47:32 INFO Файл poverki.delta.20240221--20240222.csv добавлен в БД
2024-08-08 15:47:54 INFO Файл poverki.delta.20240222--20240223.csv добавлен в БД
2024-08-08 15:47:58 INFO Файл poverki.delta.20240223--20240224.csv добавлен в БД
2024-08-08 15:48:01 INFO Файл poverki.delta.20240224--20240225.csv добавлен в БД
2024-08-08 15:48:04 INFO Файл poverki.delta.20240225--20240226.csv добавлен в БД
2024-08-08 15:48:32 INFO Файл poverki.delta.20240226--20240227.csv добавлен в БД
2024-08-08 15:48:54 INFO Файл poverki.delta.20240227--20240228.csv добавлен в БД
2024-08-08 15:49:09 INFO Файл poverki.delta.20240228--20240229.csv добавлен в БД
2024-08-08 15:49:23 INFO Файл poverki.delta.20240229--20240301.csv добавлен в БД
2024-08-08 15:49:40 INFO Файл poverki.delta.20240101--20240102.csv добавлен в БД
2024-08-08 15:49:42 INFO Файл poverki.delta.20240102--20240103.csv добавлен в БД
2024-08-08 15:49:45 INFO Файл poverki.delta.20240103--20240104.csv добавлен в БД
2024-08-08 15:49:49 INFO Файл poverki.delta.20240104--20240105.csv добавлен в БД
2024-08-08 15:49:52 INFO Файл poverki.delta.20240105--20240106.csv добавлен в БД
2024-08-08 15:49:55 INFO Файл poverki.delta.20240106--20240107.csv добавлен в БД
2024-08-08 15:49:57 INFO Файл poverki.delta.20240107--20240108.csv добавлен в БД
2024-08-08 15:50:04 INFO Файл poverki.delta.20240108--20240109.csv добавлен в БД
2024-08-08 15:50:28 INFO Файл poverki.delta.20240109--20240110.csv добавлен в БД
2024-08-08 15:51:08 INFO Файл poverki.delta.20240110--20240111.csv добавлен в БД
2024-08-08 15:51:34 INFO Файл poverki.delta.20240111--20240112.csv добавлен в БД
2024-08-08 15:52:00 INFO Файл poverki.delta.20240112--20240113.csv добавлен в БД
2024-08-08 15:52:05 INFO Файл poverki.delta.20240113--20240114.csv добавлен в БД
2024-08-08 15:52:12 INFO Файл poverki.delta.20240114--20240115.csv добавлен в БД
2024-08-08 15:52:56 INFO Файл poverki.delta.20240115--20240116.csv добавлен в БД
2024-08-08 15:53:19 INFO Файл poverki.delta.20240116--20240117.csv добавлен в БД
2024-08-08 15:53:45 INFO Файл poverki.delta.20240117--20240118.csv добавлен в БД
2024-08-08 15:54:11 INFO Файл poverki.delta.20240118--20240119.csv добавлен в БД
2024-08-08 15:54:36 INFO Файл poverki.delta.20240119--20240120.csv добавлен в БД
2024-08-08 15:54:51 INFO Файл poverki.delta.20240120--20240121.csv добавлен в БД
2024-08-08 15:54:53 INFO Файл poverki.delta.20240121--20240122.csv добавлен в БД
2024-08-08 15:55:28 INFO Файл poverki.delta.20240122--20240123.csv добавлен в БД
2024-08-08 15:55:55 INFO Файл poverki.delta.20240123--20240124.csv добавлен в БД
2024-08-08 15:56:13 INFO Файл poverki.delta.20240124--20240125.csv добавлен в БД
2024-08-08 15:56:31 INFO Файл poverki.delta.20240125--20240126.csv добавлен в БД
2024-08-08 15:56:50 INFO Файл poverki.delta.20240126--20240127.csv добавлен в БД
2024-08-08 15:56:52 INFO Файл poverki.delta.20240127--20240128.csv добавлен в БД
2024-08-08 15:56:57 INFO Файл poverki.delta.20240128--20240129.csv добавлен в БД
2024-08-08 15:57:30 INFO Файл poverki.delta.20240129--20240130.csv добавлен в БД
2024-08-08 15:57:48 INFO Файл poverki.delta.20240130--20240131.csv добавлен в БД
2024-08-08 15:58:15 INFO Файл poverki.delta.20240131--20240201.csv добавлен в БД
2024-08-08 15:58:53 INFO Файл poverki.delta.20231201--20231202.csv добавлен в БД
2024-08-08 15:58:58 INFO Файл poverki.delta.20231202--20231203.csv добавлен в БД
2024-08-08 15:59:02 INFO Файл poverki.delta.20231203--20231204.csv добавлен в БД
2024-08-08 15:59:34 INFO Файл poverki.delta.20231204--20231205.csv добавлен в БД
2024-08-08 16:00:01 INFO Файл poverki.delta.20231205--20231206.csv добавлен в БД
2024-08-08 16:00:22 INFO Файл poverki.delta.20231206--20231207.csv добавлен в БД
2024-08-08 16:00:47 INFO Файл poverki.delta.20231207--20231208.csv добавлен в БД
2024-08-08 16:01:15 INFO Файл poverki.delta.20231208--20231209.csv добавлен в БД
2024-08-08 16:01:17 INFO Файл poverki.delta.20231209--20231210.csv добавлен в БД
2024-08-08 16:01:20 INFO Файл poverki.delta.20231210--20231211.csv добавлен в БД
2024-08-08 16:01:49 INFO Файл poverki.delta.20231211--20231212.csv добавлен в БД
2024-08-08 16:02:13 INFO Файл poverki.delta.20231212--20231213.csv добавлен в БД
2024-08-08 16:02:32 INFO Файл poverki.delta.20231213--20231214.csv добавлен в БД
2024-08-08 16:02:59 INFO Файл poverki.delta.20231214--20231215.csv добавлен в БД
2024-08-08 16:03:29 INFO Файл poverki.delta.20231215--20231216.csv добавлен в БД
2024-08-08 16:03:36 INFO Файл poverki.delta.20231216--20231217.csv добавлен в БД
2024-08-08 16:03:39 INFO Файл poverki.delta.20231217--20231218.csv добавлен в БД
2024-08-08 16:04:14 INFO Файл poverki.delta.20231218--20231219.csv добавлен в БД
2024-08-08 16:04:30 INFO Файл poverki.delta.20231219--20231220.csv добавлен в БД
2024-08-08 16:04:47 INFO Файл poverki.delta.20231220--20231221.csv добавлен в БД
2024-08-08 16:05:08 INFO Файл poverki.delta.20231221--20231222.csv добавлен в БД
2024-08-08 16:05:34 INFO Файл poverki.delta.20231222--20231223.csv добавлен в БД
2024-08-08 16:05:40 INFO Файл poverki.delta.20231223--20231224.csv добавлен в БД
2024-08-08 16:05:42 INFO Файл poverki.delta.20231224--20231225.csv добавлен в БД
2024-08-08 16:06:12 INFO Файл poverki.delta.20231225--20231226.csv добавлен в БД
2024-08-08 16:06:37 INFO Файл poverki.delta.20231226--20231227.csv добавлен в БД
2024-08-08 16:07:04 INFO Файл poverki.delta.20231227--20231228.csv добавлен в БД
2024-08-08 16:07:24 INFO Файл poverki.delta.20231228--20231229.csv добавлен в БД
2024-08-08 16:08:02 INFO Файл poverki.delta.20231229--20231230.csv добавлен в БД
2024-08-08 16:08:08 INFO Файл poverki.delta.20231230--20231231.csv добавлен в БД
2024-08-08 16:08:11 INFO Файл poverki.delta.20231231--20240101.csv добавлен в БД
2024-08-08 16:08:49 INFO Файл poverki.delta.20231101--20231102.csv добавлен в БД
2024-08-08 16:09:21 INFO Файл poverki.delta.20231102--20231103.csv добавлен в БД
2024-08-08 16:09:49 INFO Файл poverki.delta.20231103--20231104.csv добавлен в БД
2024-08-08 16:09:57 INFO Файл poverki.delta.20231104--20231105.csv добавлен в БД
2024-08-08 16:10:00 INFO Файл poverki.delta.20231105--20231106.csv добавлен в БД
2024-08-08 16:10:05 INFO Файл poverki.delta.20231106--20231107.csv добавлен в БД
2024-08-08 16:10:48 INFO Файл poverki.delta.20231107--20231108.csv добавлен в БД
2024-08-08 16:11:16 INFO Файл poverki.delta.20231108--20231109.csv добавлен в БД
2024-08-08 16:11:35 INFO Файл poverki.delta.20231109--20231110.csv добавлен в БД
2024-08-08 16:12:03 INFO Файл poverki.delta.20231110--20231111.csv добавлен в БД
2024-08-08 16:12:07 INFO Файл poverki.delta.20231111--20231112.csv добавлен в БД
2024-08-08 16:12:10 INFO Файл poverki.delta.20231112--20231113.csv добавлен в БД
2024-08-08 16:12:49 INFO Файл poverki.delta.20231113--20231114.csv добавлен в БД
2024-08-08 16:13:13 INFO Файл poverki.delta.20231114--20231115.csv добавлен в БД
2024-08-08 16:13:33 INFO Файл poverki.delta.20231115--20231116.csv добавлен в БД
2024-08-08 16:13:48 INFO Файл poverki.delta.20231116--20231117.csv добавлен в БД
2024-08-08 16:14:13 INFO Файл poverki.delta.20231117--20231118.csv добавлен в БД
2024-08-08 16:14:16 INFO Файл poverki.delta.20231118--20231119.csv добавлен в БД
2024-08-08 16:14:20 INFO Файл poverki.delta.20231119--20231120.csv добавлен в БД
2024-08-08 16:14:48 INFO Файл poverki.delta.20231120--20231121.csv добавлен в БД
2024-08-08 16:15:16 INFO Файл poverki.delta.20231121--20231122.csv добавлен в БД
2024-08-08 16:15:40 INFO Файл poverki.delta.20231122--20231123.csv добавлен в БД
2024-08-08 16:16:06 INFO Файл poverki.delta.20231123--20231124.csv добавлен в БД
2024-08-08 16:16:29 INFO Файл poverki.delta.20231124--20231125.csv добавлен в БД
2024-08-08 16:16:32 INFO Файл poverki.delta.20231125--20231126.csv добавлен в БД
2024-08-08 16:16:34 INFO Файл poverki.delta.20231126--20231127.csv добавлен в БД
2024-08-08 16:17:02 INFO Файл poverki.delta.20231127--20231128.csv добавлен в БД
2024-08-08 16:17:27 INFO Файл poverki.delta.20231128--20231129.csv добавлен в БД
2024-08-08 16:17:55 INFO Файл poverki.delta.20231129--20231130.csv добавлен в БД
2024-08-08 16:18:16 INFO Файл poverki.delta.20231130--20231201.csv добавлен в БД
2024-08-08 16:19:02 INFO Файл poverki.delta.20231001--20231002.csv добавлен в БД
2024-08-08 16:19:59 INFO Файл poverki.delta.20231002--20231003.csv добавлен в БД
2024-08-08 16:20:33 INFO Файл poverki.delta.20231003--20231004.csv добавлен в БД
2024-08-08 16:21:08 INFO Файл poverki.delta.20231004--20231005.csv добавлен в БД
2024-08-08 16:21:35 INFO Файл poverki.delta.20231005--20231006.csv добавлен в БД
2024-08-08 16:22:08 INFO Файл poverki.delta.20231006--20231007.csv добавлен в БД
2024-08-08 16:22:11 INFO Файл poverki.delta.20231007--20231008.csv добавлен в БД
2024-08-08 16:22:15 INFO Файл poverki.delta.20231008--20231009.csv добавлен в БД
2024-08-08 16:22:45 INFO Файл poverki.delta.20231009--20231010.csv добавлен в БД
2024-08-08 16:23:07 INFO Файл poverki.delta.20231010--20231011.csv добавлен в БД
2024-08-08 16:23:43 INFO Файл poverki.delta.20231011--20231012.csv добавлен в БД
2024-08-08 16:24:08 INFO Файл poverki.delta.20231012--20231013.csv добавлен в БД
2024-08-08 16:24:40 INFO Файл poverki.delta.20231013--20231014.csv добавлен в БД
2024-08-08 16:24:44 INFO Файл poverki.delta.20231014--20231015.csv добавлен в БД
2024-08-08 16:24:48 INFO Файл poverki.delta.20231015--20231016.csv добавлен в БД
2024-08-08 16:25:27 INFO Файл poverki.delta.20231016--20231017.csv добавлен в БД
2024-08-08 16:25:55 INFO Файл poverki.delta.20231017--20231018.csv добавлен в БД
2024-08-08 16:26:16 INFO Файл poverki.delta.20231018--20231019.csv добавлен в БД
2024-08-08 16:26:44 INFO Файл poverki.delta.20231019--20231020.csv добавлен в БД
2024-08-08 16:27:11 INFO Файл poverki.delta.20231020--20231021.csv добавлен в БД
2024-08-08 16:27:14 INFO Файл poverki.delta.20231021--20231022.csv добавлен в БД
2024-08-08 16:27:18 INFO Файл poverki.delta.20231022--20231023.csv добавлен в БД
2024-08-08 16:27:53 INFO Файл poverki.delta.20231023--20231024.csv добавлен в БД
2024-08-08 16:28:23 INFO Файл poverki.delta.20231024--20231025.csv добавлен в БД
2024-08-08 16:28:46 INFO Файл poverki.delta.20231025--20231026.csv добавлен в БД
2024-08-08 16:29:09 INFO Файл poverki.delta.20231026--20231027.csv добавлен в БД
2024-08-08 16:29:34 INFO Файл poverki.delta.20231027--20231028.csv добавлен в БД
2024-08-08 16:29:37 INFO Файл poverki.delta.20231028--20231029.csv добавлен в БД
2024-08-08 16:29:41 INFO Файл poverki.delta.20231029--20231030.csv добавлен в БД
2024-08-08 16:30:13 INFO Файл poverki.delta.20231030--20231031.csv добавлен в БД
2024-08-08 16:30:42 INFO Файл poverki.delta.20231031--20231101.csv добавлен в БД
2024-08-08 16:31:26 INFO Файл poverki.delta.20230901--20230902.csv добавлен в БД
2024-08-08 16:31:34 INFO Файл poverki.delta.20230902--20230903.csv добавлен в БД
2024-08-08 16:31:37 INFO Файл poverki.delta.20230903--20230904.csv добавлен в БД
2024-08-08 16:32:14 INFO Файл poverki.delta.20230904--20230905.csv добавлен в БД
2024-08-08 16:32:50 INFO Файл poverki.delta.20230905--20230906.csv добавлен в БД
2024-08-08 16:33:16 INFO Файл poverki.delta.20230906--20230907.csv добавлен в БД
2024-08-08 16:33:41 INFO Файл poverki.delta.20230907--20230908.csv добавлен в БД
2024-08-08 16:33:59 INFO Файл poverki.delta.20230908--20230909.csv добавлен в БД
2024-08-08 16:34:03 INFO Файл poverki.delta.20230909--20230910.csv добавлен в БД
2024-08-08 16:34:07 INFO Файл poverki.delta.20230910--20230911.csv добавлен в БД
2024-08-08 16:34:38 INFO Файл poverki.delta.20230911--20230912.csv добавлен в БД
2024-08-08 16:35:10 INFO Файл poverki.delta.20230912--20230913.csv добавлен в БД
2024-08-08 16:35:36 INFO Файл poverki.delta.20230913--20230914.csv добавлен в БД
2024-08-08 16:36:01 INFO Файл poverki.delta.20230914--20230915.csv добавлен в БД
2024-08-08 16:36:32 INFO Файл poverki.delta.20230915--20230916.csv добавлен в БД
2024-08-08 16:36:35 INFO Файл poverki.delta.20230916--20230917.csv добавлен в БД
2024-08-08 16:36:40 INFO Файл poverki.delta.20230917--20230918.csv добавлен в БД
2024-08-08 16:37:12 INFO Файл poverki.delta.20230918--20230919.csv добавлен в БД
2024-08-08 16:37:38 INFO Файл poverki.delta.20230919--20230920.csv добавлен в БД
2024-08-08 16:37:57 INFO Файл poverki.delta.20230920--20230921.csv добавлен в БД
2024-08-08 16:38:26 INFO Файл poverki.delta.20230921--20230922.csv добавлен в БД
2024-08-08 16:38:54 INFO Файл poverki.delta.20230922--20230923.csv добавлен в БД
2024-08-08 16:38:58 INFO Файл poverki.delta.20230923--20230924.csv добавлен в БД
2024-08-08 16:39:03 INFO Файл poverki.delta.20230924--20230925.csv добавлен в БД
2024-08-08 16:39:46 INFO Файл poverki.delta.20230925--20230926.csv добавлен в БД
2024-08-08 16:40:21 INFO Файл poverki.delta.20230926--20230927.csv добавлен в БД
2024-08-08 16:40:55 INFO Файл poverki.delta.20230927--20230928.csv добавлен в БД
2024-08-08 16:41:40 INFO Файл poverki.delta.20230928--20230929.csv добавлен в БД
2024-08-08 16:42:24 INFO Файл poverki.delta.20230929--20230930.csv добавлен в БД
2024-08-08 16:42:42 INFO Файл poverki.delta.20230930--20231001.csv добавлен в БД
2024-08-08 16:43:24 INFO Файл poverki.delta.20230801--20230802.csv добавлен в БД
2024-08-08 16:43:56 INFO Файл poverki.delta.20230802--20230803.csv добавлен в БД
2024-08-08 16:44:17 INFO Файл poverki.delta.20230803--20230804.csv добавлен в БД
2024-08-08 16:44:43 INFO Файл poverki.delta.20230804--20230805.csv добавлен в БД
2024-08-08 16:44:47 INFO Файл poverki.delta.20230805--20230806.csv добавлен в БД
2024-08-08 16:44:50 INFO Файл poverki.delta.20230806--20230807.csv добавлен в БД
2024-08-08 16:45:25 INFO Файл poverki.delta.20230807--20230808.csv добавлен в БД
2024-08-08 16:45:51 INFO Файл poverki.delta.20230808--20230809.csv добавлен в БД
2024-08-08 16:46:14 INFO Файл poverki.delta.20230809--20230810.csv добавлен в БД
2024-08-08 16:46:43 INFO Файл poverki.delta.20230810--20230811.csv добавлен в БД
2024-08-08 16:47:11 INFO Файл poverki.delta.20230811--20230812.csv добавлен в БД
2024-08-08 16:47:15 INFO Файл poverki.delta.20230812--20230813.csv добавлен в БД
2024-08-08 16:47:18 INFO Файл poverki.delta.20230813--20230814.csv добавлен в БД
2024-08-08 16:47:54 INFO Файл poverki.delta.20230814--20230815.csv добавлен в БД
2024-08-08 16:48:30 INFO Файл poverki.delta.20230815--20230816.csv добавлен в БД
2024-08-08 16:48:55 INFO Файл poverki.delta.20230816--20230817.csv добавлен в БД
2024-08-08 16:49:20 INFO Файл poverki.delta.20230817--20230818.csv добавлен в БД
2024-08-08 16:49:43 INFO Файл poverki.delta.20230818--20230819.csv добавлен в БД
2024-08-08 16:49:46 INFO Файл poverki.delta.20230819--20230820.csv добавлен в БД
2024-08-08 16:49:49 INFO Файл poverki.delta.20230820--20230821.csv добавлен в БД
2024-08-08 16:50:18 INFO Файл poverki.delta.20230821--20230822.csv добавлен в БД
2024-08-08 16:50:45 INFO Файл poverki.delta.20230822--20230823.csv добавлен в БД
2024-08-08 16:51:10 INFO Файл poverki.delta.20230823--20230824.csv добавлен в БД
2024-08-08 16:51:46 INFO Файл poverki.delta.20230824--20230825.csv добавлен в БД
2024-08-08 16:52:15 INFO Файл poverki.delta.20230825--20230826.csv добавлен в БД
2024-08-08 16:52:19 INFO Файл poverki.delta.20230826--20230827.csv добавлен в БД
2024-08-08 16:52:22 INFO Файл poverki.delta.20230827--20230828.csv добавлен в БД
2024-08-08 16:52:45 INFO Файл poverki.delta.20230828--20230829.csv добавлен в БД
2024-08-08 16:53:13 INFO Файл poverki.delta.20230829--20230830.csv добавлен в БД
2024-08-08 16:53:34 INFO Файл poverki.delta.20230830--20230831.csv добавлен в БД
2024-08-08 16:54:00 INFO Файл poverki.delta.20230831--20230901.csv добавлен в БД
2024-08-08 16:54:16 INFO Файл poverki.delta.20230701--20230702.csv добавлен в БД
2024-08-08 16:54:19 INFO Файл poverki.delta.20230702--20230703.csv добавлен в БД
2024-08-08 16:54:58 INFO Файл poverki.delta.20230703--20230704.csv добавлен в БД
2024-08-08 16:55:36 INFO Файл poverki.delta.20230704--20230705.csv добавлен в БД
2024-08-08 16:56:07 INFO Файл poverki.delta.20230705--20230706.csv добавлен в БД
2024-08-08 16:56:53 INFO Файл poverki.delta.20230706--20230707.csv добавлен в БД
2024-08-08 16:57:16 INFO Файл poverki.delta.20230707--20230708.csv добавлен в БД
2024-08-08 16:57:19 INFO Файл poverki.delta.20230708--20230709.csv добавлен в БД
2024-08-08 16:57:23 INFO Файл poverki.delta.20230709--20230710.csv добавлен в БД
2024-08-08 16:57:54 INFO Файл poverki.delta.20230710--20230711.csv добавлен в БД
2024-08-08 16:58:18 INFO Файл poverki.delta.20230711--20230712.csv добавлен в БД
2024-08-08 16:58:40 INFO Файл poverki.delta.20230712--20230713.csv добавлен в БД
2024-08-08 16:59:11 INFO Файл poverki.delta.20230713--20230714.csv добавлен в БД
2024-08-08 16:59:27 INFO Файл poverki.delta.20230714--20230715.csv добавлен в БД
2024-08-08 16:59:30 INFO Файл poverki.delta.20230715--20230716.csv добавлен в БД
2024-08-08 16:59:34 INFO Файл poverki.delta.20230716--20230717.csv добавлен в БД
2024-08-08 17:00:04 INFO Файл poverki.delta.20230717--20230718.csv добавлен в БД
2024-08-08 17:00:40 INFO Файл poverki.delta.20230718--20230719.csv добавлен в БД
2024-08-08 17:01:11 INFO Файл poverki.delta.20230719--20230720.csv добавлен в БД
2024-08-08 17:01:32 INFO Файл poverki.delta.20230720--20230721.csv добавлен в БД
2024-08-08 17:02:10 INFO Файл poverki.delta.20230721--20230722.csv добавлен в БД
2024-08-08 17:02:13 INFO Файл poverki.delta.20230722--20230723.csv добавлен в БД
2024-08-08 17:02:16 INFO Файл poverki.delta.20230723--20230724.csv добавлен в БД
2024-08-08 17:02:46 INFO Файл poverki.delta.20230724--20230725.csv добавлен в БД
2024-08-08 17:03:11 INFO Файл poverki.delta.20230725--20230726.csv добавлен в БД
2024-08-08 17:03:33 INFO Файл poverki.delta.20230726--20230727.csv добавлен в БД
2024-08-08 17:03:58 INFO Файл poverki.delta.20230727--20230728.csv добавлен в БД
2024-08-08 17:04:19 INFO Файл poverki.delta.20230728--20230729.csv добавлен в БД
2024-08-08 17:04:23 INFO Файл poverki.delta.20230729--20230730.csv добавлен в БД
2024-08-08 17:04:26 INFO Файл poverki.delta.20230730--20230731.csv добавлен в БД
2024-08-08 17:05:28 INFO Файл poverki.delta.20230731--20230801.csv добавлен в БД
2024-08-08 17:06:23 INFO Файл poverki.delta.20230601--20230602.csv добавлен в БД
2024-08-08 17:06:52 INFO Файл poverki.delta.20230602--20230603.csv добавлен в БД
2024-08-08 17:06:57 INFO Файл poverki.delta.20230603--20230604.csv добавлен в БД
2024-08-08 17:07:00 INFO Файл poverki.delta.20230604--20230605.csv добавлен в БД
2024-08-08 17:07:36 INFO Файл poverki.delta.20230605--20230606.csv добавлен в БД
2024-08-08 17:08:15 INFO Файл poverki.delta.20230606--20230607.csv добавлен в БД
2024-08-08 17:08:51 INFO Файл poverki.delta.20230607--20230608.csv добавлен в БД
2024-08-08 17:09:12 INFO Файл poverki.delta.20230608--20230609.csv добавлен в БД
2024-08-08 17:09:42 INFO Файл poverki.delta.20230609--20230610.csv добавлен в БД
2024-08-08 17:09:46 INFO Файл poverki.delta.20230610--20230611.csv добавлен в БД
2024-08-08 17:09:48 INFO Файл poverki.delta.20230611--20230612.csv добавлен в БД
2024-08-08 17:09:53 INFO Файл poverki.delta.20230612--20230613.csv добавлен в БД
2024-08-08 17:10:28 INFO Файл poverki.delta.20230613--20230614.csv добавлен в БД
2024-08-08 17:10:53 INFO Файл poverki.delta.20230614--20230615.csv добавлен в БД
2024-08-08 17:11:18 INFO Файл poverki.delta.20230615--20230616.csv добавлен в БД
2024-08-08 17:11:43 INFO Файл poverki.delta.20230616--20230617.csv добавлен в БД
2024-08-08 17:11:49 INFO Файл poverki.delta.20230617--20230618.csv добавлен в БД
2024-08-08 17:11:52 INFO Файл poverki.delta.20230618--20230619.csv добавлен в БД
2024-08-08 17:12:20 INFO Файл poverki.delta.20230619--20230620.csv добавлен в БД
2024-08-08 17:12:48 INFO Файл poverki.delta.20230620--20230621.csv добавлен в БД
2024-08-08 17:13:25 INFO Файл poverki.delta.20230621--20230622.csv добавлен в БД
2024-08-08 17:13:53 INFO Файл poverki.delta.20230622--20230623.csv добавлен в БД
2024-08-08 17:14:17 INFO Файл poverki.delta.20230623--20230624.csv добавлен в БД
2024-08-08 17:14:19 INFO Файл poverki.delta.20230624--20230625.csv добавлен в БД
2024-08-08 17:14:23 INFO Файл poverki.delta.20230625--20230626.csv добавлен в БД
2024-08-08 17:14:55 INFO Файл poverki.delta.20230626--20230627.csv добавлен в БД
2024-08-08 17:15:17 INFO Файл poverki.delta.20230627--20230628.csv добавлен в БД
2024-08-08 17:15:42 INFO Файл poverki.delta.20230628--20230629.csv добавлен в БД
2024-08-08 17:16:11 INFO Файл poverki.delta.20230629--20230630.csv добавлен в БД
2024-08-08 17:16:36 INFO Файл poverki.delta.20230630--20230701.csv добавлен в БД
2024-08-08 17:16:52 INFO Файл poverki.delta.20230501--20230502.csv добавлен в БД
2024-08-08 17:17:20 INFO Файл poverki.delta.20230502--20230503.csv добавлен в БД
2024-08-08 17:17:42 INFO Файл poverki.delta.20230503--20230504.csv добавлен в БД
2024-08-08 17:18:05 INFO Файл poverki.delta.20230504--20230505.csv добавлен в БД
2024-08-08 17:18:34 INFO Файл poverki.delta.20230505--20230506.csv добавлен в БД
2024-08-08 17:18:38 INFO Файл poverki.delta.20230506--20230507.csv добавлен в БД
2024-08-08 17:18:42 INFO Файл poverki.delta.20230507--20230508.csv добавлен в БД
2024-08-08 17:18:45 INFO Файл poverki.delta.20230508--20230509.csv добавлен в БД
2024-08-08 17:18:47 INFO Файл poverki.delta.20230509--20230510.csv добавлен в БД
2024-08-08 17:19:25 INFO Файл poverki.delta.20230510--20230511.csv добавлен в БД
2024-08-08 17:20:07 INFO Файл poverki.delta.20230511--20230512.csv добавлен в БД
2024-08-08 17:20:36 INFO Файл poverki.delta.20230512--20230513.csv добавлен в БД
2024-08-08 17:20:42 INFO Файл poverki.delta.20230513--20230514.csv добавлен в БД
2024-08-08 17:20:45 INFO Файл poverki.delta.20230514--20230515.csv добавлен в БД
2024-08-08 17:21:40 INFO Файл poverki.delta.20230515--20230516.csv добавлен в БД
2024-08-08 17:22:02 INFO Файл poverki.delta.20230516--20230517.csv добавлен в БД
2024-08-08 17:22:35 INFO Файл poverki.delta.20230517--20230518.csv добавлен в БД
2024-08-08 17:23:03 INFO Файл poverki.delta.20230518--20230519.csv добавлен в БД
2024-08-08 17:23:26 INFO Файл poverki.delta.20230519--20230520.csv добавлен в БД
2024-08-08 17:23:32 INFO Файл poverki.delta.20230520--20230521.csv добавлен в БД
2024-08-08 17:23:36 INFO Файл poverki.delta.20230521--20230522.csv добавлен в БД
2024-08-08 17:24:12 INFO Файл poverki.delta.20230522--20230523.csv добавлен в БД
2024-08-08 17:24:35 INFO Файл poverki.delta.20230523--20230524.csv добавлен в БД
2024-08-08 17:25:05 INFO Файл poverki.delta.20230524--20230525.csv добавлен в БД
2024-08-08 17:25:27 INFO Файл poverki.delta.20230525--20230526.csv добавлен в БД
2024-08-08 17:25:48 INFO Файл poverki.delta.20230526--20230527.csv добавлен в БД
2024-08-08 17:25:53 INFO Файл poverki.delta.20230527--20230528.csv добавлен в БД
2024-08-08 17:25:57 INFO Файл poverki.delta.20230528--20230529.csv добавлен в БД
2024-08-08 17:26:25 INFO Файл poverki.delta.20230529--20230530.csv добавлен в БД
2024-08-08 17:26:49 INFO Файл poverki.delta.20230530--20230531.csv добавлен в БД
2024-08-08 17:27:18 INFO Файл poverki.delta.20230531--20230601.csv добавлен в БД
2024-08-08 17:27:34 INFO Файл poverki.delta.20230401--20230402.csv добавлен в БД
2024-08-08 17:27:38 INFO Файл poverki.delta.20230402--20230403.csv добавлен в БД
2024-08-08 17:28:13 INFO Файл poverki.delta.20230403--20230404.csv добавлен в БД
2024-08-08 17:28:46 INFO Файл poverki.delta.20230404--20230405.csv добавлен в БД
2024-08-08 17:29:24 INFO Файл poverki.delta.20230405--20230406.csv добавлен в БД
2024-08-08 17:29:50 INFO Файл poverki.delta.20230406--20230407.csv добавлен в БД
2024-08-08 17:30:20 INFO Файл poverki.delta.20230407--20230408.csv добавлен в БД
2024-08-08 17:30:24 INFO Файл poverki.delta.20230408--20230409.csv добавлен в БД
2024-08-08 17:30:27 INFO Файл poverki.delta.20230409--20230410.csv добавлен в БД
2024-08-08 17:31:10 INFO Файл poverki.delta.20230410--20230411.csv добавлен в БД
2024-08-08 17:31:33 INFO Файл poverki.delta.20230411--20230412.csv добавлен в БД
2024-08-08 17:32:03 INFO Файл poverki.delta.20230412--20230413.csv добавлен в БД
2024-08-08 17:32:23 INFO Файл poverki.delta.20230413--20230414.csv добавлен в БД
2024-08-08 17:32:44 INFO Файл poverki.delta.20230414--20230415.csv добавлен в БД
2024-08-08 17:32:48 INFO Файл poverki.delta.20230415--20230416.csv добавлен в БД
2024-08-08 17:32:52 INFO Файл poverki.delta.20230416--20230417.csv добавлен в БД
2024-08-08 17:33:39 INFO Файл poverki.delta.20230417--20230418.csv добавлен в БД
2024-08-08 17:34:01 INFO Файл poverki.delta.20230418--20230419.csv добавлен в БД
2024-08-08 17:34:27 INFO Файл poverki.delta.20230419--20230420.csv добавлен в БД
2024-08-08 17:34:57 INFO Файл poverki.delta.20230420--20230421.csv добавлен в БД
2024-08-08 17:35:20 INFO Файл poverki.delta.20230421--20230422.csv добавлен в БД
2024-08-08 17:35:27 INFO Файл poverki.delta.20230422--20230423.csv добавлен в БД
2024-08-08 17:35:31 INFO Файл poverki.delta.20230423--20230424.csv добавлен в БД
2024-08-08 17:36:09 INFO Файл poverki.delta.20230424--20230425.csv добавлен в БД
2024-08-08 17:36:46 INFO Файл poverki.delta.20230425--20230426.csv добавлен в БД
2024-08-08 17:37:11 INFO Файл poverki.delta.20230426--20230427.csv добавлен в БД
2024-08-08 17:37:50 INFO Файл poverki.delta.20230427--20230428.csv добавлен в БД
2024-08-08 17:38:23 INFO Файл poverki.delta.20230428--20230429.csv добавлен в БД
2024-08-08 17:38:27 INFO Файл poverki.delta.20230429--20230430.csv добавлен в БД
2024-08-08 17:38:31 INFO Файл poverki.delta.20230430--20230501.csv добавлен в БД
2024-08-08 17:39:10 INFO Файл poverki.delta.20230301--20230302.csv добавлен в БД
2024-08-08 17:39:36 INFO Файл poverki.delta.20230302--20230303.csv добавлен в БД
2024-08-08 17:40:06 INFO Файл poverki.delta.20230303--20230304.csv добавлен в БД
2024-08-08 17:40:11 INFO Файл poverki.delta.20230304--20230305.csv добавлен в БД
2024-08-08 17:40:15 INFO Файл poverki.delta.20230305--20230306.csv добавлен в БД
2024-08-08 17:41:02 INFO Файл poverki.delta.20230306--20230307.csv добавлен в БД
2024-08-08 17:41:24 INFO Файл poverki.delta.20230307--20230308.csv добавлен в БД
2024-08-08 17:41:28 INFO Файл poverki.delta.20230308--20230309.csv добавлен в БД
2024-08-08 17:42:16 INFO Файл poverki.delta.20230309--20230310.csv добавлен в БД
2024-08-08 17:42:46 INFO Файл poverki.delta.20230310--20230311.csv добавлен в БД
2024-08-08 17:42:53 INFO Файл poverki.delta.20230311--20230312.csv добавлен в БД
2024-08-08 17:42:57 INFO Файл poverki.delta.20230312--20230313.csv добавлен в БД
2024-08-08 17:43:34 INFO Файл poverki.delta.20230313--20230314.csv добавлен в БД
2024-08-08 17:44:13 INFO Файл poverki.delta.20230314--20230315.csv добавлен в БД
2024-08-08 17:44:45 INFO Файл poverki.delta.20230315--20230316.csv добавлен в БД
2024-08-08 17:45:09 INFO Файл poverki.delta.20230316--20230317.csv добавлен в БД
2024-08-08 17:45:45 INFO Файл poverki.delta.20230317--20230318.csv добавлен в БД
2024-08-08 17:45:50 INFO Файл poverki.delta.20230318--20230319.csv добавлен в БД
2024-08-08 17:45:54 INFO Файл poverki.delta.20230319--20230320.csv добавлен в БД
2024-08-08 17:46:30 INFO Файл poverki.delta.20230320--20230321.csv добавлен в БД
2024-08-08 17:46:56 INFO Файл poverki.delta.20230321--20230322.csv добавлен в БД
2024-08-08 17:47:26 INFO Файл poverki.delta.20230322--20230323.csv добавлен в БД
2024-08-08 17:47:59 INFO Файл poverki.delta.20230323--20230324.csv добавлен в БД
2024-08-08 17:48:32 INFO Файл poverki.delta.20230324--20230325.csv добавлен в БД
2024-08-08 17:48:36 INFO Файл poverki.delta.20230325--20230326.csv добавлен в БД
2024-08-08 17:48:40 INFO Файл poverki.delta.20230326--20230327.csv добавлен в БД
2024-08-08 17:49:03 INFO Файл poverki.delta.20230327--20230328.csv добавлен в БД
2024-08-08 17:49:27 INFO Файл poverki.delta.20230328--20230329.csv добавлен в БД
2024-08-08 17:49:56 INFO Файл poverki.delta.20230329--20230330.csv добавлен в БД
2024-08-08 17:50:22 INFO Файл poverki.delta.20230330--20230331.csv добавлен в БД
2024-08-08 17:50:43 INFO Файл poverki.delta.20230331--20230401.csv добавлен в БД
2024-08-08 17:51:23 INFO Файл poverki.delta.20230201--20230202.csv добавлен в БД
2024-08-08 17:51:39 INFO Файл poverki.delta.20230202--20230203.csv добавлен в БД
2024-08-08 17:52:04 INFO Файл poverki.delta.20230203--20230204.csv добавлен в БД
2024-08-08 17:52:12 INFO Файл poverki.delta.20230204--20230205.csv добавлен в БД
2024-08-08 17:52:19 INFO Файл poverki.delta.20230205--20230206.csv добавлен в БД
2024-08-08 17:52:53 INFO Файл poverki.delta.20230206--20230207.csv добавлен в БД
2024-08-08 17:53:23 INFO Файл poverki.delta.20230207--20230208.csv добавлен в БД
2024-08-08 17:53:55 INFO Файл poverki.delta.20230208--20230209.csv добавлен в БД
2024-08-08 17:54:17 INFO Файл poverki.delta.20230209--20230210.csv добавлен в БД
2024-08-08 17:54:40 INFO Файл poverki.delta.20230210--20230211.csv добавлен в БД
2024-08-08 17:54:54 INFO Файл poverki.delta.20230211--20230212.csv добавлен в БД
2024-08-08 17:58:22 INFO Файл poverki.delta.20230212--20230220.csv добавлен в БД
2024-08-08 17:58:29 INFO Файл poverki.delta.20230220--20230221.csv добавлен в БД
2024-08-08 17:58:59 INFO Файл poverki.delta.20230221--20230222.csv добавлен в БД
2024-08-08 17:59:43 INFO Файл poverki.delta.20230222--20230223.csv добавлен в БД
2024-08-08 17:59:48 INFO Файл poverki.delta.20230223--20230224.csv добавлен в БД
2024-08-08 17:59:51 INFO Файл poverki.delta.20230224--20230225.csv добавлен в БД
2024-08-08 17:59:55 INFO Файл poverki.delta.20230225--20230226.csv добавлен в БД
2024-08-08 18:00:02 INFO Файл poverki.delta.20230226--20230227.csv добавлен в БД
2024-08-08 18:00:34 INFO Файл poverki.delta.20230227--20230228.csv добавлен в БД
2024-08-08 18:01:02 INFO Файл poverki.delta.20230228--20230301.csv добавлен в БД
2024-08-08 18:01:12 INFO Файл poverki.delta.20230101--20230102.csv добавлен в БД
2024-08-08 18:01:15 INFO Файл poverki.delta.20230102--20230103.csv добавлен в БД
2024-08-08 18:01:22 INFO Файл poverki.delta.20230103--20230104.csv добавлен в БД
2024-08-08 18:01:26 INFO Файл poverki.delta.20230104--20230105.csv добавлен в БД
2024-08-08 18:01:40 INFO Файл poverki.delta.20230105--20230106.csv добавлен в БД
2024-08-08 18:01:48 INFO Файл poverki.delta.20230106--20230107.csv добавлен в БД
2024-08-08 18:01:50 INFO Файл poverki.delta.20230107--20230108.csv добавлен в БД
2024-08-08 18:01:54 INFO Файл poverki.delta.20230108--20230109.csv добавлен в БД
2024-08-08 18:02:26 INFO Файл poverki.delta.20230109--20230110.csv добавлен в БД
2024-08-08 18:02:43 INFO Файл poverki.delta.20230110--20230111.csv добавлен в БД
2024-08-08 18:03:05 INFO Файл poverki.delta.20230111--20230112.csv добавлен в БД
2024-08-08 18:03:30 INFO Файл poverki.delta.20230112--20230113.csv добавлен в БД
2024-08-08 18:03:51 INFO Файл poverki.delta.20230113--20230114.csv добавлен в БД
2024-08-08 18:03:54 INFO Файл poverki.delta.20230114--20230115.csv добавлен в БД
2024-08-08 18:03:58 INFO Файл poverki.delta.20230115--20230116.csv добавлен в БД
2024-08-08 18:04:39 INFO Файл poverki.delta.20230116--20230117.csv добавлен в БД
2024-08-08 18:05:18 INFO Файл poverki.delta.20230117--20230118.csv добавлен в БД
2024-08-08 18:05:43 INFO Файл poverki.delta.20230118--20230119.csv добавлен в БД
2024-08-08 18:06:24 INFO Файл poverki.delta.20230119--20230120.csv добавлен в БД
2024-08-08 18:06:48 INFO Файл poverki.delta.20230120--20230121.csv добавлен в БД
2024-08-08 18:06:52 INFO Файл poverki.delta.20230121--20230122.csv добавлен в БД
2024-08-08 18:06:55 INFO Файл poverki.delta.20230122--20230123.csv добавлен в БД
2024-08-08 18:07:22 INFO Файл poverki.delta.20230123--20230124.csv добавлен в БД
2024-08-08 18:07:46 INFO Файл poverki.delta.20230124--20230125.csv добавлен в БД
2024-08-08 18:08:02 INFO Файл poverki.delta.20230125--20230126.csv добавлен в БД
2024-08-08 18:08:21 INFO Файл poverki.delta.20230126--20230127.csv добавлен в БД
2024-08-08 18:08:46 INFO Файл poverki.delta.20230127--20230128.csv добавлен в БД
2024-08-08 18:08:49 INFO Файл poverki.delta.20230128--20230129.csv добавлен в БД
2024-08-08 18:08:53 INFO Файл poverki.delta.20230129--20230130.csv добавлен в БД
2024-08-08 18:09:15 INFO Файл poverki.delta.20230130--20230131.csv добавлен в БД
2024-08-08 18:09:39 INFO Файл poverki.delta.20230131--20230201.csv добавлен в БД
2024-08-08 18:10:25 INFO Файл poverki.delta.20221201--20221202.csv добавлен в БД
2024-08-08 18:10:52 INFO Файл poverki.delta.20221202--20221203.csv добавлен в БД
2024-08-08 18:10:58 INFO Файл poverki.delta.20221203--20221204.csv добавлен в БД
2024-08-08 18:11:02 INFO Файл poverki.delta.20221204--20221205.csv добавлен в БД
2024-08-08 18:11:36 INFO Файл poverki.delta.20221205--20221206.csv добавлен в БД
2024-08-08 18:11:57 INFO Файл poverki.delta.20221206--20221207.csv добавлен в БД
2024-08-08 18:12:26 INFO Файл poverki.delta.20221207--20221208.csv добавлен в БД
2024-08-08 18:12:48 INFO Файл poverki.delta.20221208--20221209.csv добавлен в БД
2024-08-08 18:13:09 INFO Файл poverki.delta.20221209--20221210.csv добавлен в БД
2024-08-08 18:13:12 INFO Файл poverki.delta.20221210--20221211.csv добавлен в БД
2024-08-08 18:13:16 INFO Файл poverki.delta.20221211--20221212.csv добавлен в БД
2024-08-08 18:13:52 INFO Файл poverki.delta.20221212--20221213.csv добавлен в БД
2024-08-08 18:14:21 INFO Файл poverki.delta.20221213--20221214.csv добавлен в БД
2024-08-08 18:14:58 INFO Файл poverki.delta.20221214--20221215.csv добавлен в БД
2024-08-08 18:15:23 INFO Файл poverki.delta.20221215--20221216.csv добавлен в БД
2024-08-08 18:15:48 INFO Файл poverki.delta.20221216--20221217.csv добавлен в БД
2024-08-08 18:15:53 INFO Файл poverki.delta.20221217--20221218.csv добавлен в БД
2024-08-08 18:15:58 INFO Файл poverki.delta.20221218--20221219.csv добавлен в БД
2024-08-08 18:16:31 INFO Файл poverki.delta.20221219--20221220.csv добавлен в БД
2024-08-08 18:17:03 INFO Файл poverki.delta.20221220--20221221.csv добавлен в БД
2024-08-08 18:17:34 INFO Файл poverki.delta.20221221--20221222.csv добавлен в БД
2024-08-08 18:17:57 INFO Файл poverki.delta.20221222--20221223.csv добавлен в БД
2024-08-08 18:18:27 INFO Файл poverki.delta.20221223--20221224.csv добавлен в БД
2024-08-08 18:18:32 INFO Файл poverki.delta.20221224--20221225.csv добавлен в БД
2024-08-08 18:18:36 INFO Файл poverki.delta.20221225--20221226.csv добавлен в БД
2024-08-08 18:19:05 INFO Файл poverki.delta.20221226--20221227.csv добавлен в БД
2024-08-08 18:19:47 INFO Файл poverki.delta.20221227--20221228.csv добавлен в БД
2024-08-08 18:20:14 INFO Файл poverki.delta.20221228--20221229.csv добавлен в БД
2024-08-08 18:20:54 INFO Файл poverki.delta.20221229--20221230.csv добавлен в БД
2024-08-08 18:21:31 INFO Файл poverki.delta.20221230--20221231.csv добавлен в БД
2024-08-08 18:21:34 INFO Файл poverki.delta.20221231--20230101.csv добавлен в БД
2024-08-08 18:22:03 INFO Файл poverki.delta.20221101--20221102.csv добавлен в БД
2024-08-08 18:22:26 INFO Файл poverki.delta.20221102--20221103.csv добавлен в БД
2024-08-08 18:22:57 INFO Файл poverki.delta.20221103--20221104.csv добавлен в БД
2024-08-08 18:23:03 INFO Файл poverki.delta.20221104--20221105.csv добавлен в БД
2024-08-08 18:23:07 INFO Файл poverki.delta.20221105--20221106.csv добавлен в БД
2024-08-08 18:23:10 INFO Файл poverki.delta.20221106--20221107.csv добавлен в БД
2024-08-08 18:23:43 INFO Файл poverki.delta.20221107--20221108.csv добавлен в БД
2024-08-08 18:24:19 INFO Файл poverki.delta.20221108--20221109.csv добавлен в БД
2024-08-08 18:24:44 INFO Файл poverki.delta.20221109--20221110.csv добавлен в БД
2024-08-08 18:25:17 INFO Файл poverki.delta.20221110--20221111.csv добавлен в БД
2024-08-08 18:25:46 INFO Файл poverki.delta.20221111--20221112.csv добавлен в БД
2024-08-08 18:25:52 INFO Файл poverki.delta.20221112--20221113.csv добавлен в БД
2024-08-08 18:25:58 INFO Файл poverki.delta.20221113--20221114.csv добавлен в БД
2024-08-08 18:26:27 INFO Файл poverki.delta.20221114--20221115.csv добавлен в БД
2024-08-08 18:27:03 INFO Файл poverki.delta.20221115--20221116.csv добавлен в БД
2024-08-08 18:27:26 INFO Файл poverki.delta.20221116--20221117.csv добавлен в БД
2024-08-08 18:27:50 INFO Файл poverki.delta.20221117--20221118.csv добавлен в БД
2024-08-08 18:28:14 INFO Файл poverki.delta.20221118--20221119.csv добавлен в БД
2024-08-08 18:28:18 INFO Файл poverki.delta.20221119--20221120.csv добавлен в БД
2024-08-08 18:28:23 INFO Файл poverki.delta.20221120--20221121.csv добавлен в БД
2024-08-08 18:29:03 INFO Файл poverki.delta.20221121--20221122.csv добавлен в БД
2024-08-08 18:29:23 INFO Файл poverki.delta.20221122--20221123.csv добавлен в БД
2024-08-08 18:29:49 INFO Файл poverki.delta.20221123--20221124.csv добавлен в БД
2024-08-08 18:30:04 INFO Файл poverki.delta.20221124--20221125.csv добавлен в БД
2024-08-08 18:30:21 INFO Файл poverki.delta.20221125--20221126.csv добавлен в БД
2024-08-08 18:30:25 INFO Файл poverki.delta.20221126--20221127.csv добавлен в БД
2024-08-08 18:30:29 INFO Файл poverki.delta.20221127--20221128.csv добавлен в БД
2024-08-08 18:31:00 INFO Файл poverki.delta.20221128--20221129.csv добавлен в БД
2024-08-08 18:31:24 INFO Файл poverki.delta.20221129--20221130.csv добавлен в БД
2024-08-08 18:31:42 INFO Файл poverki.delta.20221130--20221201.csv добавлен в БД
2024-08-08 18:31:55 INFO Файл poverki.delta.20221001--20221002.csv добавлен в БД
2024-08-08 18:31:59 INFO Файл poverki.delta.20221002--20221003.csv добавлен в БД
2024-08-08 18:32:28 INFO Файл poverki.delta.20221003--20221004.csv добавлен в БД
2024-08-08 18:32:58 INFO Файл poverki.delta.20221004--20221005.csv добавлен в БД
2024-08-08 18:33:31 INFO Файл poverki.delta.20221005--20221006.csv добавлен в БД
2024-08-08 18:34:06 INFO Файл poverki.delta.20221006--20221007.csv добавлен в БД
2024-08-08 18:34:29 INFO Файл poverki.delta.20221007--20221008.csv добавлен в БД
2024-08-08 18:34:33 INFO Файл poverki.delta.20221008--20221009.csv добавлен в БД
2024-08-08 18:34:38 INFO Файл poverki.delta.20221009--20221010.csv добавлен в БД
2024-08-08 18:35:13 INFO Файл poverki.delta.20221010--20221011.csv добавлен в БД
2024-08-08 18:35:43 INFO Файл poverki.delta.20221011--20221012.csv добавлен в БД
2024-08-08 18:36:20 INFO Файл poverki.delta.20221012--20221013.csv добавлен в БД
2024-08-08 18:36:50 INFO Файл poverki.delta.20221013--20221014.csv добавлен в БД
2024-08-08 18:37:12 INFO Файл poverki.delta.20221014--20221015.csv добавлен в БД
2024-08-08 18:37:16 INFO Файл poverki.delta.20221015--20221016.csv добавлен в БД
2024-08-08 18:37:22 INFO Файл poverki.delta.20221016--20221017.csv добавлен в БД
2024-08-08 18:37:52 INFO Файл poverki.delta.20221017--20221018.csv добавлен в БД
2024-08-08 18:38:22 INFO Файл poverki.delta.20221018--20221019.csv добавлен в БД
2024-08-08 18:39:21 INFO Файл poverki.delta.20221019--20221020.csv добавлен в БД
2024-08-08 18:40:19 INFO Файл poverki.delta.20221020--20221021.csv добавлен в БД
2024-08-08 18:40:58 INFO Файл poverki.delta.20221021--20221022.csv добавлен в БД
2024-08-08 18:41:03 INFO Файл poverki.delta.20221022--20221023.csv добавлен в БД
2024-08-08 18:41:08 INFO Файл poverki.delta.20221023--20221024.csv добавлен в БД
2024-08-08 18:41:38 INFO Файл poverki.delta.20221024--20221025.csv добавлен в БД
2024-08-08 18:42:00 INFO Файл poverki.delta.20221025--20221026.csv добавлен в БД
2024-08-08 18:42:50 INFO Файл poverki.delta.20221026--20221027.csv добавлен в БД
2024-08-08 18:43:14 INFO Файл poverki.delta.20221027--20221028.csv добавлен в БД
2024-08-08 18:43:43 INFO Файл poverki.delta.20221028--20221029.csv добавлен в БД
2024-08-08 18:43:47 INFO Файл poverki.delta.20221029--20221030.csv добавлен в БД
2024-08-08 18:43:51 INFO Файл poverki.delta.20221030--20221031.csv добавлен в БД
2024-08-08 18:44:26 INFO Файл poverki.delta.20221031--20221101.csv добавлен в БД
2024-08-08 18:46:39 INFO Файл poverki.delta.20220901--20220908.csv добавлен в БД
2024-08-08 18:47:06 INFO Файл poverki.delta.20220908--20220910.csv добавлен в БД
2024-08-08 18:47:11 INFO Файл poverki.delta.20220910--20220911.csv добавлен в БД
2024-08-08 18:47:15 INFO Файл poverki.delta.20220911--20220912.csv добавлен в БД
2024-08-08 18:47:55 INFO Файл poverki.delta.20220912--20220913.csv добавлен в БД
2024-08-08 18:48:25 INFO Файл poverki.delta.20220913--20220914.csv добавлен в БД
2024-08-08 18:48:50 INFO Файл poverki.delta.20220914--20220915.csv добавлен в БД
2024-08-08 18:49:17 INFO Файл poverki.delta.20220915--20220916.csv добавлен в БД
2024-08-08 18:49:41 INFO Файл poverki.delta.20220916--20220917.csv добавлен в БД
2024-08-08 18:49:46 INFO Файл poverki.delta.20220917--20220918.csv добавлен в БД
2024-08-08 18:49:50 INFO Файл poverki.delta.20220918--20220919.csv добавлен в БД
2024-08-08 18:50:24 INFO Файл poverki.delta.20220919--20220920.csv добавлен в БД
2024-08-08 18:51:02 INFO Файл poverki.delta.20220920--20220921.csv добавлен в БД
2024-08-08 18:51:54 INFO Файл poverki.delta.20220921--20220922.csv добавлен в БД
2024-08-08 18:52:16 INFO Файл poverki.delta.20220922--20220923.csv добавлен в БД
2024-08-08 18:52:38 INFO Файл poverki.delta.20220923--20220924.csv добавлен в БД
2024-08-08 18:52:42 INFO Файл poverki.delta.20220924--20220925.csv добавлен в БД
2024-08-08 18:52:47 INFO Файл poverki.delta.20220925--20220926.csv добавлен в БД
2024-08-08 18:53:11 INFO Файл poverki.delta.20220926--20220927.csv добавлен в БД
2024-08-08 18:53:41 INFO Файл poverki.delta.20220927--20220928.csv добавлен в БД
2024-08-08 18:54:06 INFO Файл poverki.delta.20220928--20220929.csv добавлен в БД
2024-08-08 18:54:29 INFO Файл poverki.delta.20220929--20220930.csv добавлен в БД
2024-08-08 18:54:50 INFO Файл poverki.delta.20220930--20221001.csv добавлен в БД
2024-08-09 11:17:52 INFO Файл poverki.snapshot.20220901.csv добавлен в БД
2024-08-09 11:22:40 INFO Статус код ответа от Аршин: 200
2024-08-09 11:23:49 INFO Статус код ответа от Аршин: 200
2024-08-09 11:24:54 INFO Статус код ответа от Аршин: 200
2024-08-09 11:26:46 INFO Статус код ответа от Аршин: 200
2024-08-09 11:27:59 INFO Статус код ответа от Аршин: 200
2024-08-09 11:28:41 INFO Статус код ответа от Аршин: 200
2024-08-09 11:29:42 INFO Статус код ответа от Аршин: 200
2024-08-09 11:30:55 INFO Статус код ответа от Аршин: 200
2024-08-09 11:31:47 INFO Статус код ответа от Аршин: 200
2024-08-09 11:36:43 INFO Статус код ответа от Аршин: 200
2024-08-09 11:37:23 INFO Файл poverki.delta.20240710--20240711.csv добавлен в БД
2024-08-09 11:38:19 INFO Файл poverki.delta.20240805--20240806.csv добавлен в БД
2024-08-09 11:38:51 INFO Файл poverki.delta.20240711--20240712.csv добавлен в БД
2024-08-09 11:39:25 INFO Файл poverki.delta.20240725--20240726.csv добавлен в БД
2024-08-09 11:40:11 INFO Файл poverki.delta.20240806--20240807.csv добавлен в БД
2024-08-09 11:40:20 INFO Файл poverki.delta.20240706--20240707.csv добавлен в БД
2024-08-09 11:41:04 INFO Файл poverki.delta.20240715--20240716.csv добавлен в БД
2024-08-09 11:42:02 INFO Файл poverki.delta.20240701--20240702.csv добавлен в БД
2024-08-09 11:42:53 INFO Файл poverki.delta.20240807--20240808.csv добавлен в БД
2024-08-09 11:43:47 INFO Файл poverki.delta.20240731--20240801.csv добавлен в БД
2024-08-09 11:43:55 INFO Файл poverki.delta.20240720--20240721.csv добавлен в БД
2024-08-09 11:44:06 INFO Файл poverki.delta.20240727--20240728.csv добавлен в БД
2024-08-09 11:44:48 INFO Файл poverki.delta.20240723--20240724.csv добавлен в БД
2024-08-09 11:44:54 INFO Файл poverki.delta.20240728--20240729.csv добавлен в БД
2024-08-09 11:45:50 INFO Файл poverki.delta.20240704--20240705.csv добавлен в БД
2024-08-09 11:46:59 INFO Файл poverki.delta.20240802--20240803.csv добавлен в БД
2024-08-09 11:47:52 INFO Файл poverki.delta.20240729--20240730.csv добавлен в БД
2024-08-09 11:48:00 INFO Файл poverki.delta.20240707--20240708.csv добавлен в БД
2024-08-09 11:48:39 INFO Файл poverki.delta.20240703--20240704.csv добавлен в БД
2024-08-09 11:49:13 INFO Файл poverki.delta.20240705--20240706.csv добавлен в БД
2024-08-09 11:49:24 INFO Файл poverki.delta.20240713--20240714.csv добавлен в БД
2024-08-09 11:50:10 INFO Файл poverki.delta.20240718--20240719.csv добавлен в БД
2024-08-09 11:50:58 INFO Файл poverki.delta.20240702--20240703.csv добавлен в БД
2024-08-09 11:51:32 INFO Файл poverki.delta.20240712--20240713.csv добавлен в БД
2024-08-09 11:52:07 INFO Файл poverki.delta.20240709--20240710.csv добавлен в БД
2024-08-09 11:52:14 INFO Файл poverki.delta.20240804--20240805.csv добавлен в БД
2024-08-09 11:52:35 INFO Файл poverki.delta.20240803--20240804.csv добавлен в БД
2024-08-09 11:52:42 INFO Файл poverki.delta.20240721--20240722.csv добавлен в БД
2024-08-09 11:53:24 INFO Файл poverki.delta.20240808--20240809.csv добавлен в БД
2024-08-09 11:54:06 INFO Файл poverki.delta.20240801--20240802.csv добавлен в БД
2024-08-09 11:54:44 INFO Файл poverki.delta.20240724--20240725.csv добавлен в БД
2024-08-09 11:55:19 INFO Файл poverki.delta.20240717--20240718.csv добавлен в БД
2024-08-09 11:55:49 INFO Файл poverki.delta.20240726--20240727.csv добавлен в БД
2024-08-09 11:56:21 INFO Файл poverki.delta.20240719--20240720.csv добавлен в БД
2024-08-09 11:57:31 INFO Файл poverki.delta.20240722--20240723.csv добавлен в БД
2024-08-09 11:58:08 INFO Файл poverki.delta.20240730--20240731.csv добавлен в БД
2024-08-09 11:58:43 INFO Файл poverki.delta.20240716--20240717.csv добавлен в БД
2024-08-09 11:59:33 INFO Файл poverki.delta.20240708--20240709.csv добавлен в БД
2024-08-09 11:59:41 INFO Файл poverki.delta.20240714--20240715.csv добавлен в БД
2024-08-09 11:59:41 INFO Количество добавленных файлов = 39
2024-08-09 12:00:17 INFO Статус код ответа от Аршин: 200
2024-08-09 12:00:17 INFO Количество добавленных файлов = 0
